{"level":"error","message":"Erreur Stability AI: Request failed with status code 404","timestamp":"2025-03-22T14:18:51.994Z"}
{"level":"error","message":"Erreur lors de la génération d'image: Not Found","timestamp":"2025-03-22T14:18:51.995Z"}
{"level":"error","message":"404 - Not Found","timestamp":"2025-03-22T14:18:51.996Z"}
{"level":"error","message":"Erreur Stability AI: Request failed with status code 404","timestamp":"2025-03-22T14:21:22.745Z"}
{"level":"error","message":"Erreur lors de la génération d'image: Not Found","timestamp":"2025-03-22T14:21:22.746Z"}
{"level":"error","message":"404 - Not Found","timestamp":"2025-03-22T14:21:22.748Z"}
{"level":"error","message":"Erreur Stability AI: Request failed with status code 403","timestamp":"2025-03-22T14:23:25.524Z"}
{"level":"error","message":"Erreur lors de la génération d'image: English is the only language supported for this service.","timestamp":"2025-03-22T14:23:25.526Z"}
{"level":"error","message":"403 - English is the only language supported for this service.","timestamp":"2025-03-22T14:23:25.527Z"}
{"level":"error","message":"Erreur Stability AI: Request failed with status code 400","timestamp":"2025-03-22T15:09:04.768Z"}
{"level":"error","message":"Erreur lors de la génération d'image: for stable-diffusion-xl-1024-v0-9 and stable-diffusion-xl-1024-v1-0 the allowed dimensions are 1024x1024, 1152x896, 1216x832, 1344x768, 1536x640, 640x1536, 768x1344, 832x1216, 896x1152, but we received 512x512","timestamp":"2025-03-22T15:09:04.769Z"}
{"level":"error","message":"400 - for stable-diffusion-xl-1024-v0-9 and stable-diffusion-xl-1024-v1-0 the allowed dimensions are 1024x1024, 1152x896, 1216x832, 1344x768, 1536x640, 640x1536, 768x1344, 832x1216, 896x1152, but we received 512x512","timestamp":"2025-03-22T15:09:04.770Z"}
{"level":"error","message":"Erreur Stability AI: Request failed with status code 400","timestamp":"2025-03-22T15:29:46.758Z"}
{"level":"error","message":"Erreur lors de la génération d'image: for stable-diffusion-xl-1024-v0-9 and stable-diffusion-xl-1024-v1-0 the allowed dimensions are 1024x1024, 1152x896, 1216x832, 1344x768, 1536x640, 640x1536, 768x1344, 832x1216, 896x1152, but we received 512x1024","timestamp":"2025-03-22T15:29:46.759Z"}
{"level":"error","message":"400 - for stable-diffusion-xl-1024-v0-9 and stable-diffusion-xl-1024-v1-0 the allowed dimensions are 1024x1024, 1152x896, 1216x832, 1344x768, 1536x640, 640x1536, 768x1344, 832x1216, 896x1152, but we received 512x1024","timestamp":"2025-03-22T15:29:46.759Z"}
{"level":"error","message":"Erreur Stability AI: Request failed with status code 400","timestamp":"2025-03-22T15:29:50.138Z"}
{"level":"error","message":"Erreur lors de la génération d'image: for stable-diffusion-xl-1024-v0-9 and stable-diffusion-xl-1024-v1-0 the allowed dimensions are 1024x1024, 1152x896, 1216x832, 1344x768, 1536x640, 640x1536, 768x1344, 832x1216, 896x1152, but we received 512x1024","timestamp":"2025-03-22T15:29:50.138Z"}
{"level":"error","message":"400 - for stable-diffusion-xl-1024-v0-9 and stable-diffusion-xl-1024-v1-0 the allowed dimensions are 1024x1024, 1152x896, 1216x832, 1344x768, 1536x640, 640x1536, 768x1344, 832x1216, 896x1152, but we received 512x1024","timestamp":"2025-03-22T15:29:50.139Z"}
{"level":"error","message":"Erreur Stability AI: Request failed with status code 400","timestamp":"2025-03-22T21:58:41.729Z"}
{"level":"error","message":"Erreur lors de la génération d'image: for stable-diffusion-xl-1024-v0-9 and stable-diffusion-xl-1024-v1-0 the allowed dimensions are 1024x1024, 1152x896, 1216x832, 1344x768, 1536x640, 640x1536, 768x1344, 832x1216, 896x1152, but we received 512x1024","timestamp":"2025-03-22T21:58:41.730Z"}
{"level":"error","message":"400 - for stable-diffusion-xl-1024-v0-9 and stable-diffusion-xl-1024-v1-0 the allowed dimensions are 1024x1024, 1152x896, 1216x832, 1344x768, 1536x640, 640x1536, 768x1344, 832x1216, 896x1152, but we received 512x1024","timestamp":"2025-03-22T21:58:41.730Z"}
{"level":"error","message":"Erreur Stability AI: Request failed with status code 400","timestamp":"2025-03-22T22:08:25.923Z"}
{"level":"error","message":"Erreur lors de la génération d'image: for stable-diffusion-xl-1024-v0-9 and stable-diffusion-xl-1024-v1-0 the allowed dimensions are 1024x1024, 1152x896, 1216x832, 1344x768, 1536x640, 640x1536, 768x1344, 832x1216, 896x1152, but we received 512x1024","timestamp":"2025-03-22T22:08:25.924Z"}
{"level":"error","message":"400 - for stable-diffusion-xl-1024-v0-9 and stable-diffusion-xl-1024-v1-0 the allowed dimensions are 1024x1024, 1152x896, 1216x832, 1344x768, 1536x640, 640x1536, 768x1344, 832x1216, 896x1152, but we received 512x1024","timestamp":"2025-03-22T22:08:25.924Z"}
